<?xml version="1.0" encoding="UTF-8" ?>
<testsuite failures="0" time="0.081" errors="0" skipped="0" tests="9" name="loginapp.service.impl.BookDelServiceImplTest">
  <properties>
[...]
</properties>
  <testcase time="0.077" classname="loginapp.service.impl.BookDelServiceImplTest" name="testSavebook"/>
  <testcase time="0" classname="loginapp.service.impl.BookDelServiceImplTest" name="testDeliveryRequest"/>
  <testcase time="0" classname="loginapp.service.impl.BookDelServiceImplTest" name="testCloseReturn"/>
  <testcase time="0" classname="loginapp.service.impl.BookDelServiceImplTest" name="testGetbook"/>
  <testcase time="0" classname="loginapp.service.impl.BookDelServiceImplTest" name="testCloseDelivery"/>
  <testcase time="0.001" classname="loginapp.service.impl.BookDelServiceImplTest" name="testReturnRequest"/>
  <testcase time="0" classname="loginapp.service.impl.BookDelServiceImplTest" name="testDelete"/>
  <testcase time="0.001" classname="loginapp.service.impl.BookDelServiceImplTest" name="testSearch"/>
  <testcase time="0" classname="loginapp.service.impl.BookDelServiceImplTest" name="testUpdate"/>
</testsuite>